<?xml version="1.0" encoding="UTF-8"?>
<testng-results skipped="0" failed="0" ignored="0" total="3" passed="3">
  <reporter-output>
  </reporter-output>
  <suite name="Default suite" duration-ms="46573" started-at="2020-02-12T12:45:16Z" finished-at="2020-02-12T12:46:02Z">
    <groups>
    </groups>
    <test name="Default test" duration-ms="46573" started-at="2020-02-12T12:45:16Z" finished-at="2020-02-12T12:46:02Z">
      <class name="com.qa.selenium.tests.LaunchBrowser">
        <test-method status="PASS" signature="BrowserLaunch()[pri:0, instance:com.qa.selenium.tests.LaunchBrowser@627551fb]" name="BrowserLaunch" duration-ms="16585" started-at="2020-02-12T12:45:16Z" finished-at="2020-02-12T12:45:32Z">
          <reporter-output>
          </reporter-output>
        </test-method> <!-- BrowserLaunch -->
        <test-method status="PASS" signature="BrowserLaunch1()[pri:0, instance:com.qa.selenium.tests.LaunchBrowser@627551fb]" name="BrowserLaunch1" duration-ms="15157" started-at="2020-02-12T12:45:32Z" finished-at="2020-02-12T12:45:48Z">
          <reporter-output>
          </reporter-output>
        </test-method> <!-- BrowserLaunch1 -->
        <test-method status="PASS" signature="BrowserLaunch2()[pri:0, instance:com.qa.selenium.tests.LaunchBrowser@627551fb]" name="BrowserLaunch2" duration-ms="14802" started-at="2020-02-12T12:45:48Z" finished-at="2020-02-12T12:46:02Z">
          <reporter-output>
          </reporter-output>
        </test-method> <!-- BrowserLaunch2 -->
      </class> <!-- com.qa.selenium.tests.LaunchBrowser -->
    </test> <!-- Default test -->
  </suite> <!-- Default suite -->
</testng-results>
